<?xml version="1.0" encoding="UTF-8"?>
<!-- Generated by org.testng.reporters.JUnitXMLReporter -->
<testsuite ignored="0" hostname="SUKANNYAG-WIN10" failures="0" tests="4" name="Default test" time="13.124" errors="0" timestamp="2022-07-29T12:09:39 IST">
  <testcase classname="TestRunner.signupPageTest" name="logoTest" time="0.181"/>
  <testcase classname="TestRunner.signupPageTest" name="signupButtonClickTest" time="0.057"/>
  <testcase classname="TestRunner.signupPageTest" name="signupButtonTest" time="2.555"/>
  <testcase classname="TestRunner.signupPageTest" name="signupTest" time="0.286"/>
</testsuite> <!-- Default test -->
