<?xml version="1.0" encoding="UTF-8"?>
<!-- Generated by org.testng.reporters.JUnitXMLReporter -->
<testsuite ignored="0" hostname="SUKANNYAG-WIN10" failures="1" tests="4" name="Test" time="13.52" errors="0" timestamp="2022-07-29T11:39:22 IST">
  <testcase classname="TestRunner.signupPageTest" name="logoTest" time="0.203"/>
  <testcase classname="TestRunner.signupPageTest" name="signupButtonClickTest" time="0.059"/>
  <testcase classname="TestRunner.signupPageTest" name="signupButtonTest" time="2.77"/>
  <testcase classname="TestRunner.signupPageTest" name="signupTest" time="0.02">
    <failure type="org.json.simple.parser.ParseException">
      <![CDATA[Unexpected character (;) at position 55.
at org.json.simple.parser.Yylex.yylex(Yylex.java:610)
at org.json.simple.parser.JSONParser.nextToken(JSONParser.java:269)
at org.json.simple.parser.JSONParser.parse(JSONParser.java:118)
at org.json.simple.parser.JSONParser.parse(JSONParser.java:92)
at Utilities.JSONReader.readData(JSONReader.java:18)
at TestRunner.signupPageTest.signupTest(signupPageTest.java:71)
at java.base/java.util.ArrayList.forEach(ArrayList.java:1511)
... Removed 27 stack frames]]>
    </failure>
  </testcase> <!-- signupTest -->
</testsuite> <!-- Test -->
